Namespace(workers=0, batchSize=500, dataset='mnist', niter=2000, lr=0.0001, beta1=0.5, cuda=True, manualSeed=None, alpha=0.2, beta=0.1, G_type=1, save_folder='saved_model')
Namespace(workers=0, batchSize=500, dataset='mnist', niter=2000, lr=0.0001, beta1=0.5, cuda=True, manualSeed=None, alpha=0.2, beta=0.1, G_type=1, save_folder='saved_model')
Accuracy of the network on netD: 99.75 %
Attack success rate: 0.65 %
[0/2000][0/1000] D: 2.2854 D_prob: 0.0005 G: 0.5632 D(G(z)): 2.2854 / 0.5632 loss_imitate: 0.1023 loss_diversity: 2.3042
[0/2000][40/1000] D: 2.0006 D_prob: 0.0002 G: 0.6053 D(G(z)): 2.0006 / 0.6053 loss_imitate: 0.1410 loss_diversity: 2.3217
[0/2000][80/1000] D: 0.0189 D_prob: 0.0824 G: 2.3536 D(G(z)): 0.0189 / 2.3536 loss_imitate: 0.9819 loss_diversity: 6.8583
[0/2000][120/1000] D: 0.0102 D_prob: 0.0835 G: 2.6807 D(G(z)): 0.0102 / 2.6807 loss_imitate: 0.9899 loss_diversity: 8.4540
[0/2000][160/1000] D: 1.2503 D_prob: 0.0298 G: 0.9610 D(G(z)): 1.2503 / 0.9610 loss_imitate: 0.2910 loss_diversity: 3.3502
[0/2000][200/1000] D: 0.6077 D_prob: 0.0522 G: 1.4492 D(G(z)): 0.6077 / 1.4492 loss_imitate: 0.5523 loss_diversity: 4.4841
[0/2000][240/1000] D: 0.3846 D_prob: 0.0618 G: 1.8574 D(G(z)): 0.3846 / 1.8574 loss_imitate: 0.6815 loss_diversity: 5.8796
[0/2000][280/1000] D: 0.3691 D_prob: 0.0614 G: 2.0608 D(G(z)): 0.3691 / 2.0608 loss_imitate: 0.6915 loss_diversity: 6.8467
[0/2000][320/1000] D: 0.4228 D_prob: 0.0607 G: 1.7212 D(G(z)): 0.4228 / 1.7212 loss_imitate: 0.6577 loss_diversity: 5.3172
[0/2000][360/1000] D: 0.3707 D_prob: 0.0596 G: 2.0515 D(G(z)): 0.3707 / 2.0515 loss_imitate: 0.6906 loss_diversity: 6.8046
[0/2000][400/1000] D: 0.3669 D_prob: 0.0599 G: 2.1156 D(G(z)): 0.3669 / 2.1156 loss_imitate: 0.6927 loss_diversity: 7.1147
[0/2000][440/1000] D: 0.7835 D_prob: 0.0596 G: 1.9235 D(G(z)): 0.7835 / 1.9235 loss_imitate: 0.4706 loss_diversity: 7.2641
[0/2000][480/1000] D: 0.3628 D_prob: 0.0599 G: 2.1692 D(G(z)): 0.3628 / 2.1692 loss_imitate: 0.6959 loss_diversity: 7.3669
[0/2000][520/1000] D: 0.3715 D_prob: 0.0587 G: 2.1205 D(G(z)): 0.3715 / 2.1205 loss_imitate: 0.6899 loss_diversity: 7.1535
[0/2000][560/1000] D: 2.1033 D_prob: 0.0053 G: 0.6393 D(G(z)): 2.1033 / 0.6393 loss_imitate: 0.1250 loss_diversity: 2.5714
[0/2000][600/1000] D: 1.7124 D_prob: 0.0127 G: 0.9477 D(G(z)): 1.7124 / 0.9477 loss_imitate: 0.1848 loss_diversity: 3.8146
[0/2000][640/1000] D: 1.5724 D_prob: 0.0101 G: 0.9873 D(G(z)): 1.5724 / 0.9873 loss_imitate: 0.2096 loss_diversity: 3.8885
[0/2000][680/1000] D: 1.1069 D_prob: 0.0190 G: 1.3813 D(G(z)): 1.1069 / 1.3813 loss_imitate: 0.3354 loss_diversity: 5.2294
[0/2000][720/1000] D: 1.1750 D_prob: 0.0177 G: 1.4397 D(G(z)): 1.1750 / 1.4397 loss_imitate: 0.3153 loss_diversity: 5.6218
[0/2000][760/1000] D: 1.2458 D_prob: 0.0180 G: 1.4643 D(G(z)): 1.2458 / 1.4643 loss_imitate: 0.2878 loss_diversity: 5.8825
[0/2000][800/1000] D: 1.3468 D_prob: 0.0114 G: 1.3350 D(G(z)): 1.3468 / 1.3350 loss_imitate: 0.2609 loss_diversity: 5.3709
[0/2000][840/1000] D: 1.4060 D_prob: 0.0121 G: 1.1765 D(G(z)): 1.4060 / 1.1765 loss_imitate: 0.2462 loss_diversity: 4.6513
[0/2000][880/1000] D: 1.4462 D_prob: 0.0113 G: 1.0941 D(G(z)): 1.4462 / 1.0941 loss_imitate: 0.2359 loss_diversity: 4.2912
[0/2000][920/1000] D: 1.4154 D_prob: 0.0135 G: 1.0555 D(G(z)): 1.4154 / 1.0555 loss_imitate: 0.2449 loss_diversity: 4.0532
[0/2000][960/1000] D: 1.4357 D_prob: 0.0099 G: 1.1124 D(G(z)): 1.4357 / 1.1124 loss_imitate: 0.2414 loss_diversity: 4.3546
Attack success rate: 0.55 %
This is the best model
Accuracy of the network on netD: 10.25 %
This is the best model
[1/2000][0/1000] D: 1.2982 D_prob: 0.0149 G: 1.3273 D(G(z)): 1.2982 / 1.3273 loss_imitate: 0.2734 loss_diversity: 5.2693
[1/2000][40/1000] D: 1.9317 D_prob: 0.0128 G: 1.1657 D(G(z)): 1.9317 / 1.1657 loss_imitate: 0.1517 loss_diversity: 5.0698
[1/2000][80/1000] D: 1.3444 D_prob: 0.0138 G: 1.2448 D(G(z)): 1.3444 / 1.2448 loss_imitate: 0.2608 loss_diversity: 4.9198
[1/2000][120/1000] D: 1.2164 D_prob: 0.0180 G: 1.2900 D(G(z)): 1.2164 / 1.2900 loss_imitate: 0.3008 loss_diversity: 4.9457
[1/2000][160/1000] D: 1.3154 D_prob: 0.0129 G: 1.1017 D(G(z)): 1.3154 / 1.1017 loss_imitate: 0.2705 loss_diversity: 4.1559
[1/2000][200/1000] D: 2.1458 D_prob: 0.0180 G: 0.8912 D(G(z)): 2.1458 / 0.8912 loss_imitate: 0.1325 loss_diversity: 3.7936
[1/2000][240/1000] D: 1.6705 D_prob: 0.0106 G: 0.9005 D(G(z)): 1.6705 / 0.9005 loss_imitate: 0.1908 loss_diversity: 3.5486
[1/2000][280/1000] D: 1.4858 D_prob: 0.0095 G: 1.1352 D(G(z)): 1.4858 / 1.1352 loss_imitate: 0.2302 loss_diversity: 4.5252
[1/2000][320/1000] D: 1.3777 D_prob: 0.0111 G: 1.2998 D(G(z)): 1.3777 / 1.2998 loss_imitate: 0.2524 loss_diversity: 5.2370
[1/2000][360/1000] D: 1.3808 D_prob: 0.0109 G: 1.3356 D(G(z)): 1.3808 / 1.3356 loss_imitate: 0.2520 loss_diversity: 5.4182
[1/2000][400/1000] D: 1.3478 D_prob: 0.0109 G: 1.4473 D(G(z)): 1.3478 / 1.4473 loss_imitate: 0.2601 loss_diversity: 5.9360
[1/2000][440/1000] D: 1.2264 D_prob: 0.0132 G: 1.3966 D(G(z)): 1.2264 / 1.3966 loss_imitate: 0.2961 loss_diversity: 5.5029
[1/2000][480/1000] D: 1.5309 D_prob: 0.0119 G: 1.2100 D(G(z)): 1.5309 / 1.2100 loss_imitate: 0.2184 loss_diversity: 4.9577
[1/2000][520/1000] D: 1.2787 D_prob: 0.0122 G: 1.3498 D(G(z)): 1.2787 / 1.3498 loss_imitate: 0.2799 loss_diversity: 5.3500
[1/2000][560/1000] D: 1.2628 D_prob: 0.0141 G: 1.3107 D(G(z)): 1.2628 / 1.3107 loss_imitate: 0.2829 loss_diversity: 5.1394
Namespace(workers=1, batchSize=500, dataset='mnist', niter=2000, lr=0.0001, beta1=0.5, cuda=True, manualSeed=None, alpha=0.2, beta=0.1, G_type=1, save_folder='saved_model')
Accuracy of the network on netD: 99.75 %
Attack success rate: 0.70 %
